<?xml version="1.0" encoding="UTF-8"?>
<!-- Generated by org.testng.reporters.JUnitXMLReporter -->
<testsuite ignored="2" hostname="DEL1-DDL-N04006" failures="0" tests="2" name="Default test" time="0.051" errors="0" timestamp="11 Sep 2018 07:17:30 GMT">
  <testcase classname="DisaModule.initiateDisa" name="startDisa" time="0.005"/>
  <testcase classname="DisaModule.initiateDisa" name="startDisa" time="0.001"/>
  <testcase classname="DisaModule.initiateDisa" name="@AfterSuite closingBrowser" time="0.0">
    <ignored/>
  </testcase> <!-- @AfterSuite closingBrowser -->
  <testcase classname="DisaModule.initiateDisa" name="@BeforeSuite setUpBrowser" time="0.0">
    <ignored/>
  </testcase> <!-- @BeforeSuite setUpBrowser -->
</testsuite> <!-- Default test -->
